L 03/09/2024 - 20:55:08: SourceMod error session started
L 03/09/2024 - 20:55:08: Info (map "c1m1_hotel") (file "C:\Program Files (x86)\Steam\steamapps\common\Left 4 Dead 2\left4dead2\addons\sourcemod\logs\errors_20240309.log")
L 03/09/2024 - 20:55:08: [SM] Failed to load plugin "nextmap.smx": Nextmap is incompatible with this game.
L 03/09/2024 - 20:56:59: Error log file session closed.
L 03/09/2024 - 21:04:48: SourceMod error session started
L 03/09/2024 - 21:04:48: Info (map "l4d2_fallindeath04") (file "C:\Program Files (x86)\Steam\steamapps\common\Left 4 Dead 2\left4dead2\addons\sourcemod\logs\errors_20240309.log")
L 03/09/2024 - 21:04:48: [SM] Failed to load plugin "nextmap.smx": Nextmap is incompatible with this game.
L 03/09/2024 - 21:35:48: Error log file session closed.
L 03/09/2024 - 22:51:24: SourceMod error session started
L 03/09/2024 - 22:51:24: Info (map "c1m1_hotel") (file "C:\Program Files (x86)\Steam\steamapps\common\Left 4 Dead 2\left4dead2\addons\sourcemod\logs\errors_20240309.log")
L 03/09/2024 - 22:51:24: [SM] Failed to load plugin "nextmap.smx": Nextmap is incompatible with this game.
L 03/09/2024 - 23:09:15: Error log file session closed.
L 03/09/2024 - 23:10:57: SourceMod error session started
L 03/09/2024 - 23:10:57: Info (map "c1m1_hotel") (file "C:\Program Files (x86)\Steam\steamapps\common\Left 4 Dead 2\left4dead2\addons\sourcemod\logs\errors_20240309.log")
L 03/09/2024 - 23:10:57: [SM] Failed to load plugin "nextmap.smx": Nextmap is incompatible with this game.
L 03/09/2024 - 23:17:12: Error log file session closed.
L 03/09/2024 - 23:25:56: SourceMod error session started
L 03/09/2024 - 23:25:56: Info (map "c1m1_hotel") (file "C:\Program Files (x86)\Steam\steamapps\common\Left 4 Dead 2\left4dead2\addons\sourcemod\logs\errors_20240309.log")
L 03/09/2024 - 23:25:56: [SM] Failed to load plugin "nextmap.smx": Nextmap is incompatible with this game.
L 03/09/2024 - 23:32:31: Error log file session closed.
